1606081095158	geckodriver	INFO	Listening on 127.0.0.1:57368
1606081098213	mozrunner::runner	INFO	Running command: "C:\\Program Files\\Mozilla Firefox\\firefox.exe" "--marionette" "-foreground" "-no-remote" "-profile" "C:\\Users\\manue\\AppData\\Local\\Temp\\rust_mozprofilePMjGZ2"
Can't find symbol 'eglSwapBuffersWithDamageEXT'.
Can't find symbol 'eglSetDamageRegionKHR'.
JavaScript error: resource://gre/modules/XULStore.jsm, line 66: Error: Can't find profile directory.
console.warn: SearchSettings: "get: No settings file exists, new profile?" (new Error("", "(unknown module)"))
1606081100631	Marionette	INFO	Listening on port 57378
1606081100880	Marionette	WARN	TLS certificate errors will be ignored for this session
1606081247570	Marionette	INFO	Stopped listening on port 57378

###!!! [Child][RunMessage] Error: Channel closing: too late to send/recv, messages will be lost


###!!! [Child][MessageChannel::SendAndWait] Error: Channel error: cannot send/recv

1606081338665	geckodriver	INFO	Listening on 127.0.0.1:57892
1606081342502	mozrunner::runner	INFO	Running command: "C:\\Program Files\\Mozilla Firefox\\firefox.exe" "--marionette" "-foreground" "-no-remote" "-profile" "C:\\Users\\manue\\AppData\\Local\\Temp\\rust_mozprofile7zqaM2"
Can't find symbol 'eglSwapBuffersWithDamageEXT'.
Can't find symbol 'eglSetDamageRegionKHR'.
JavaScript error: resource://gre/modules/XULStore.jsm, line 66: Error: Can't find profile directory.
console.warn: SearchSettings: "get: No settings file exists, new profile?" (new Error("", "(unknown module)"))
1606081344507	Marionette	INFO	Listening on port 57902
1606081344562	Marionette	WARN	TLS certificate errors will be ignored for this session
1606085194198	Marionette	INFO	Stopped listening on port 57902

###!!! [Child][MessageChannel::SendAndWait] Error: Channel error: cannot send/recv

firefox.exe" "--marionette" "-foreground" "-no-remote" "-profile" "C:\\Users\\manue\\AppData\\Local\\Temp\\rust_mozprofilecBRuNf"
Can't find symbol 'eglSwapBuffersWithDamageEXT'.
Can't find symbol 'eglSetDamageRegionKHR'.
JavaScript error: resource://gre/modules/XULStore.jsm, line 66: Error: Can't find profile directory.
console.warn: SearchSettings: "get: No settings file exists, new profile?" (new Error("", "(unknown module)"))
1606084870519	Marionette	INFO	Listening on port 63480
1606084870597	Marionette	WARN	TLS certificate errors will be ignored for this session
1606084873033	Marionette	INFO	Stopped listening on port 63480

###!!! [Child][RunMessage] Error: Channel closing: too late to send/recv, messages will be lost


###!!! [Child][MessageChannel::SendAndWait] Error: Channel error: cannot send/recv

1606084882271	geckodriver	INFO	Listening on 127.0.0.1:63529
1606084885328	mozrunner::runner	INFO	Running command: "C:\\Program Files\\Mozilla Firefox\\firefox.exe" "--marionette" "-foreground" "-no-remote" "-profile" "C:\\Users\\manue\\AppData\\Local\\Temp\\rust_mozprofile0hGLkH"
Can't find symbol 'eglSwapBuffersWithDamageEXT'.
Can't find symbol 'eglSetDamageRegionKHR'.
JavaScript error: resource://gre/modules/XULStore.jsm, line 66: Error: Can't find profile directory.
console.warn: SearchSettings: "get: No settings file exists, new profile?" (new Error("", "(unknown module)"))
1606084887400	Marionette	INFO	Listening on port 63538
1606084887510	Marionette	WARN	TLS certificate errors will be ignored for this session
1606084894006	Marionette	INFO	Stopped listening on port 63538

###!!! [Child][RunMessage] Error: Channel closing: too late to send/recv, messages will be lost


###!!! [Child][MessageChannel::SendAndWait] Error: Channel error: cannot send/recv

1606085037475	geckodriver	INFO	Listening on 127.0.0.1:63880
1606085040553	mozrunner::runner	INFO	Running command: "C:\\Program Files\\Mozilla Firefox\\firefox.exe" "--marionette" "-foreground" "-no-remote" "-profile" "C:\\Users\\manue\\AppData\\Local\\Temp\\rust_mozprofilePDPreL"
Can't find symbol 'eglSwapBuffersWithDamageEXT'.
Can't find symbol 'eglSetDamageRegionKHR'.
JavaScript error: resource://gre/modules/XULStore.jsm, line 66: Error: Can't find profile directory.
console.warn: SearchSettings: "get: No settings file exists, new profile?" (new Error("", "(unknown module)"))
1606085042632	Marionette	INFO	Listening on port 63890
1606085042736	Marionette	WARN	TLS certificate errors will be ignored for this session
1606085193371	Marionette	INFO	Stopped listening on port 63890

###!!! [Child][RunMessage] Error: Channel closing: too late to send/recv, messages will be lost


###!!! [Child][MessageChannel::SendAndWait] Error: Channel error: cannot send/recv

Temp\\rust_mozprofilecqczmI"
Can't find symbol 'eglSwapBuffersWithDamageEXT'.
Can't find symbol 'eglSetDamageRegionKHR'.
JavaScript error: resource://gre/modules/XULStore.jsm, line 66: Error: Can't find profile directory.
console.warn: SearchSettings: "get: No settings file exists, new profile?" (new Error("", "(unknown module)"))
1606085183246	Marionette	INFO	Listening on port 64230
1606085183284	Marionette	WARN	TLS certificate errors will be ignored for this session
1606085381151	Marionette	INFO	Stopped listening on port 64230

###!!! [Child][RunMessage] Error: Channel closing: too late to send/recv, messages will be lost


###!!! [Child][MessageChannel::SendAndWait] Error: Channel error: cannot send/recv

Temp\\rust_mozprofileDrpLqI"
Can't find symbol 'eglSwapBuffersWithDamageEXT'.
Can't find symbol 'eglSetDamageRegionKHR'.
JavaScript error: resource://gre/modules/XULStore.jsm, line 66: Error: Can't find profile directory.
console.warn: SearchSettings: "get: No settings file exists, new profile?" (new Error("", "(unknown module)"))
1606085296388	Marionette	INFO	Listening on port 64422
1606085296443	Marionette	WARN	TLS certificate errors will be ignored for this session
1606085383431	Marionette	INFO	Stopped listening on port 64422

###!!! [Child][RunMessage] Error: Channel closing: too late to send/recv, messages will be lost


###!!! [Child][MessageChannel::SendAndWait] Error: Channel error: cannot send/recv

Temp\\rust_mozprofilegfNuQY"
Can't find symbol 'eglSwapBuffersWithDamageEXT'.
Can't find symbol 'eglSetDamageRegionKHR'.
JavaScript error: resource://gre/modules/XULStore.jsm, line 66: Error: Can't find profile directory.
console.warn: SearchSettings: "get: No settings file exists, new profile?" (new Error("", "(unknown module)"))
1606085383633	Marionette	INFO	Listening on port 64570
1606085384075	Marionette	WARN	TLS certificate errors will be ignored for this session
1606085617546	Marionette	INFO	Stopped listening on port 64570

###!!! [Child][RunMessage] Error: Channel closing: too late to send/recv, messages will be lost


###!!! [Child][MessageChannel::SendAndWait] Error: Channel error: cannot send/recv

Temp\\rust_mozprofile3gY8eZ"
Can't find symbol 'eglSwapBuffersWithDamageEXT'.
Can't find symbol 'eglSetDamageRegionKHR'.
JavaScript error: resource://gre/modules/XULStore.jsm, line 66: Error: Can't find profile directory.
console.warn: SearchSettings: "get: No settings file exists, new profile?" (new Error("", "(unknown module)"))
1606085605828	Marionette	INFO	Listening on port 65008
1606085605961	Marionette	WARN	TLS certificate errors will be ignored for this session
1606085771670	Marionette	INFO	Stopped listening on port 65008

###!!! [Child][RunMessage] Error: Channel closing: too late to send/recv, messages will be lost


###!!! [Child][MessageChannel::SendAndWait] Error: Channel error: cannot send/recv

1606085915275	geckodriver	INFO	Listening on 127.0.0.1:65367
1606085918363	mozrunner::runner	INFO	Running command: "C:\\Program Files\\Mozilla Firefox\\firefox.exe" "--marionette" "-foreground" "-no-remote" "-profile" "C:\\Users\\manue\\AppData\\Local\\Temp\\rust_mozprofile6P8KJA"
Can't find symbol 'eglSwapBuffersWithDamageEXT'.
Can't find symbol 'eglSetDamageRegionKHR'.
JavaScript error: resource://gre/modules/XULStore.jsm, line 66: Error: Can't find profile directory.
console.warn: SearchSettings: "get: No settings file exists, new profile?" (new Error("", "(unknown module)"))
1606085920481	Marionette	INFO	Listening on port 65378
1606085920531	Marionette	WARN	TLS certificate errors will be ignored for this session
1606086123056	Marionette	INFO	Stopped listening on port 65378

###!!! [Child][RunMessage] Error: Channel closing: too late to send/recv, messages will be lost


###!!! [Child][MessageChannel::SendAndWait] Error: Channel error: cannot send/recv

Temp\\rust_mozprofilerUAXo2"
Can't find symbol 'eglSwapBuffersWithDamageEXT'.
Can't find symbol 'eglSetDamageRegionKHR'.
JavaScript error: resource://gre/modules/XULStore.jsm, line 66: Error: Can't find profile directory.
console.warn: SearchSettings: "get: No settings file exists, new profile?" (new Error("", "(unknown module)"))
1606086115379	Marionette	INFO	Listening on port 49400
1606086115513	Marionette	WARN	TLS certificate errors will be ignored for this session
1606087205342	Marionette	INFO	Stopped listening on port 49400

###!!! [Child][RunMessage] Error: Channel closing: too late to send/recv, messages will be lost


###!!! [Child][MessageChannel::SendAndWait] Error: Channel error: cannot send/recv

Temp\\rust_mozprofilex9Z4oy"
Can't find symbol 'eglSwapBuffersWithDamageEXT'.
Can't find symbol 'eglSetDamageRegionKHR'.
JavaScript error: resource://gre/modules/XULStore.jsm, line 66: Error: Can't find profile directory.
console.warn: SearchSettings: "get: No settings file exists, new profile?" (new Error("", "(unknown module)"))
1606087200069	Marionette	INFO	Listening on port 52415
1606087200385	Marionette	WARN	TLS certificate errors will be ignored for this session
1606087301195	Marionette	INFO	Stopped listening on port 52415

###!!! [Child][RunMessage] Error: Channel closing: too late to send/recv, messages will be lost


###!!! [Child][MessageChannel::SendAndWait] Error: Channel error: cannot send/recv

1606087328700	geckodriver	INFO	Listening on 127.0.0.1:52682
1606087331742	mozrunner::runner	INFO	Running command: "C:\\Program Files\\Mozilla Firefox\\firefox.exe" "--marionette" "-foreground" "-no-remote" "-profile" "C:\\Users\\manue\\AppData\\Local\\Temp\\rust_mozprofilerdjQ71"
Can't find symbol 'eglSwapBuffersWithDamageEXT'.
Can't find symbol 'eglSetDamageRegionKHR'.
JavaScript error: resource://gre/modules/XULStore.jsm, line 66: Error: Can't find profile directory.
console.warn: SearchSettings: "get: No settings file exists, new profile?" (new Error("", "(unknown module)"))
1606087333721	Marionette	INFO	Listening on port 52692
1606087333806	Marionette	WARN	TLS certificate errors will be ignored for this session
1606087357247	Marionette	INFO	Stopped listening on port 52691606087359665	mozrunner::runner	INFO	Running command: "C:\\Program Files\\Mozilla Firefox\\firefox.exe" "--marionette" "-foreground" "-no-remote" "-profile" "C:\\Users\\manue\\AppData\\Local\\Temp\\rust_mozprofileFTt94P"
Can't find symbol 'eglSwapBuffersWithDamageEXT'.
Can't find symbol 'eglSetDamageRegionKHR'.
JavaScript error: resource://gre/modules/XULStore.jsm, line 66: Error: Can't find profile directory.
console.warn: SearchSettings: "get: No settings file exists, new profile?" (new Error("", "(unknown module)"))
1606087361645	Marionette	INFO	Listening on port 52821
1606087361721	Marionette	WARN	TLS certificate errors will be ignored for this session
1606088924999	Marionette	INFO	Stopped listening on port 52821

###!!! [Child][MessageChannel::SendAndWait] Error: Channel error: cannot send/recv

1606089857546	geckodriver	INFO	Listening on 127.0.0.1:49997
1606089860570	mozrunner::runner	INFO	Running command: "C:\\Program Files\\Mozilla Firefox\\firefox.exe" "--marionette" "-foreground" "-no-remote" "-profile" "C:\\Users\\manue\\AppData\\Local\\Temp\\rust_mozprofileiLpPLy"
Can't find symbol 'eglSwapBuffersWithDamageEXT'.
Can't find symbol 'eglSetDamageRegionKHR'.
JavaScript error: resource://gre/modules/XULStore.jsm, line 66: Error: Can't find profile directory.
console.warn: SearchSettings: "get: No settings file exists, new profile?" (new Error("", "(unknown module)"))
1606089863620	Marionette	INFO	Listening on port 50021
1606089863776	Marionette	WARN	TLS certificate errors will be ignored for this session
1606090015395	Marionette	INFO	Stopped listening on port 50021

###!!! [Child][RunMessage] Error: Channel closing: too late to send/recv, messages will be lost


###!!! [Child][MessageChannel::SendAndWait] Error: Channel error: cannot send/recv

Temp\\rust_mozprofilevaJFCJ"
Can't find symbol 'eglSwapBuffersWithDamageEXT'.
Can't find symbol 'eglSetDamageRegionKHR'.
JavaScript error: resource://gre/modules/XULStore.jsm, line 66: Error: Can't find profile directory.
console.warn: SearchSettings: "get: No settings file exists, new profile?" (new Error("", "(unknown module)"))
1606089932752	Marionette	INFO	Listening on port 50273
1606089932833	Marionette	WARN	TLS certificate errors will be ignored for this session
1606089945267	Marionette	INFO	Stopped listening on port 50273

###!!! [Child][RunMessage] Error: Channel closing: too late to send/recv, messages will be lost


###!!! [Child][MessageChannel::SendAndWait] Error: Channel error: cannot send/recv

1606089950923	geckodriver	INFO	Listening on 127.0.0.1:50349
1606089953995	mozrunner::runner	INFO	Running command: "C:\\Program Files\\Mozilla Firefox\\firefox.exe" "--marionette" "-foreground" "-no-remote" "-profile" "C:\\Users\\manue\\AppData\\Local\\Temp\\rust_mozprofile0T1jfR"
Can't find symbol 'eglSwapBuffersWithDamageEXT'.
Can't find symbol 'eglSetDamageRegionKHR'.
JavaScript error: resource://gre/modules/XULStore.jsm, line 66: Error: Can't find profile directory.
console.warn: SearchSettings: "get: No settings file exists, new profile?" (new Error("", "(unknown module)"))
1606089956010	Marionette	INFO	Listening on port 50360
1606089956051	Marionette	WARN	TLS certificate errors will be ignored for this session
1606090344012	Marionette	INFO	Stopped listening on port 50360

###!!! [Child][RunMessage] Error: Channel closing: too late to send/recv, messages will be lost


###!!! [Child][MessageChannel::SendAndWait] Error: Channel error: cannot send/recv

Temp\\rust_mozprofilefNbrlm"
Can't find symbol 'eglSwapBuffersWithDamageEXT'.
Can't find symbol 'eglSetDamageRegionKHR'.
JavaScript error: resource://gre/modules/XULStore.jsm, line 66: Error: Can't find profile directory.
console.warn: SearchSettings: "get: No settings file exists, new profile?" (new Error("", "(unknown module)"))
1606090157574	Marionette	INFO	Listening on port 50647
1606090157595	Marionette	WARN	TLS certificate errors will be ignored for this session
1606090340671	Marionette	INFO	Stopped listening on port 50647

###!!! [Child][RunMessage] Error: Channel closing: too late to send/recv, messages will be lost


###!!! [Child][MessageChannel::SendAndWait] Error: Channel error: cannot send/recv

1606127257201	geckodriver	INFO	Listening on 127.0.0.1:52025
1606127260256	mozrunner::runner	INFO	Running command: "C:\\Program Files\\Mozilla Firefox\\firefox.exe" "--marionette" "-foreground" "-no-remote" "-profile" "C:\\Users\\manue\\AppData\\Local\\Temp\\rust_mozprofilek00HUO"
Can't find symbol 'eglSwapBuffersWithDamageEXT'.
Can't find symbol 'eglSetDamageRegionKHR'.
JavaScript error: resource://gre/modules/XULStore.jsm, line 66: Error: Can't find profile directory.
console.warn: SearchSettings: "get: No settings file exists, new profile?" (new Error("", "(unknown module)"))
1606127263277	Marionette	INFO	Listening on port 52034
1606127263438	Marionette	WARN	TLS certificate errors will be ignored for this session
JavaScript error: , line 0: NS_ERROR_NOT_AVAILABLE
1606130049856	Marionette	INFO	Stopped listening on port 52034

###!!! [Child][RunMessage] Error: Channel closing: too late to send/recv, messages will be lost


###!!! [Child][MessageChannel::SendAndWait] Error: Channel error: cannot send/recv

1606138761530	geckodriver	INFO	Listening on 127.0.0.1:49794
1606138764541	mozrunner::runner	INFO	Running command: "C:\\Program Files\\Mozilla Firefox\\firefox.exe" "--marionette" "-foreground" "-no-remote" "-profile" "C:\\Users\\manue\\AppData\\Local\\Temp\\rust_mozprofilekfrwfc"
Can't find symbol 'eglSwapBuffersWithDamageEXT'.
Can't find symbol 'eglSetDamageRegionKHR'.
JavaScript error: resource://gre/modules/XULStore.jsm, line 66: Error: Can't find profile directory.
console.warn: SearchSettings: "get: No settings file exists, new profile?" (new Error("", "(unknown module)"))
1606138767514	Marionette	INFO	Listening on port 49806
1606138767720	Marionette	WARN	TLS certificate errors will be ignored for this session
JavaScript error: , line 0: NS_ERROR_NOT_AVAILABLE
JavaScript error: https://s.gr-assets.com/assets/desktop/libraries-fedbf6e14cf39d43205f9973c3bdce09.js line 157 > eval, line 1: TypeError: this.options is undefined
JavaScript error: https://s.gr-assets.com/assets/desktop/libraries-fedbf6e14cf39d43205f9973c3bdce09.js line 157 > eval, line 1: TypeError: this.options is undefined
JavaScript error: https://platform.twitter.com/widgets/widget_iframe.96fd96193cc66c3e11d4c5e4c7c7ec97.html?origin=https%3A%2F%2Fwww.goodreads.com, line 12: Error: Network error.
Marionette threw an error: TypeError: driver.dialogObserver is null
waitForNavigationCompleted/<@chrome://marionette/content/navigate.js:364:5

1606153175332	Marionette	INFO	Stopped listening on port 49806

###!!! [Child][MessageChannel::SendAndWait] Error: Channel error: cannot send/recv

1606391496291	geckodriver	INFO	Listening on 127.0.0.1:49970
1606391499384	mozrunner::runner	INFO	Running command: "C:\\Program Files\\Mozilla Firefox\\firefox.exe" "--marionette" "-foreground" "-no-remote" "-profile" "C:\\Users\\manue\\AppData\\Local\\Temp\\rust_mozprofile8XG1Uk"
Can't find symbol 'eglSwapBuffersWithDamageEXT'.
Can't find symbol 'eglSetDamageRegionKHR'.
JavaScript error: resource://gre/modules/XULStore.jsm, line 66: Error: Can't find profile directory.
console.warn: SearchSettings: "get: No settings file exists, new profile?" (new Error("", "(unknown module)"))
1606391502149	Marionette	INFO	Listening on port 49978
1606391502574	Marionette	WARN	TLS certificate errors will be ignored for this session
1606391537111	Marionette	INFO	Stopped listening on port 49978

###!!! [Child][RunMessage] Error: Channel closing: too late to send/recv, messages will be lost


###!!! [Child][MessageChannel::SendAndWait] Error: Channel error: cannot send/recv

1606391569308	geckodriver	INFO	Listening on 127.0.0.1:50114
1606391572411	mozrunner::runner	INFO	Running command: "C:\\Program Files\\Mozilla Firefox\\firefox.exe" "--marionette" "-foreground" "-no-remote" "-profile" "C:\\Users\\manue\\AppData\\Local\\Temp\\rust_mozprofilemkj5OG"
Can't find symbol 'eglSwapBuffersWithDamageEXT'.
Can't find symbol 'eglSetDamageRegionKHR'.
JavaScript error: resource://gre/modules/XULStore.jsm, line 66: Error: Can't find profile directory.
console.warn: SearchSettings: "get: No settings file exists, new profile?" (new Error("", "(unknown module)"))
1606391574426	Marionette	INFO	Listening on port 50123
1606391574464	Marionette	WARN	TLS certificate errors will be ignored for this session
1606391833573	Marionette	INFO	Stopped listening on port 50123

###!!! [Child][RunMessage] Error: Channel closing: too late to send/recv, messages will be lost


###!!! [Child][MessageChannel::SendAndWait] Error: Channel error: cannot send/recv

Temp\\rust_mozprofile5cif6y"
Can't find symbol 'eglSwapBuffersWithDamageEXT'.
Can't find symbol 'eglSetDamageRegionKHR'.
JavaScript error: resource://gre/modules/XULStore.jsm, line 66: Error: Can't find profile directory.
console.warn: SearchSettings: "get: No settings file exists, new profile?" (new Error("", "(unknown module)"))
1606391621654	Marionette	INFO	Listening on port 50239
1606391621739	Marionette	WARN	TLS certificate errors will be ignored for this session
1606391831921	Marionette	INFO	Stopped listening on port 50239

###!!! [Child][RunMessage] Error: Channel closing: too late to send/recv, messages will be lost


###!!! [Child][MessageChannel::SendAndWait] Error: Channel error: cannot send/recv

Temp\\rust_mozprofileRqIjv2"
Can't find symbol 'eglSwapBuffersWithDamageEXT'.
Can't find symbol 'eglSetDamageRegionKHR'.
JavaScript error: resource://gre/modules/XULStore.jsm, line 66: Error: Can't find profile directory.
console.warn: SearchSettings: "get: No settings file exists, new profile?" (new Error("", "(unknown module)"))
1606391694745	Marionette	INFO	Listening on port 50371
1606391694810	Marionette	WARN	TLS certificate errors will be ignored for this session
1606391832704	Marionette	INFO	Stopped listening on port 50371

###!!! [Child][RunMessage] Error: Channel closing: too late to send/recv, messages will be lost


###!!! [Child][MessageChannel::SendAndWait] Error: Channel error: cannot send/recv

1606391845000	geckodriver	INFO	Listening on 127.0.0.1:50503
1606391848094	mozrunner::runner	INFO	Running command: "C:\\Program Files\\Mozilla Firefox\\firefox.exe" "--marionette" "-foreground" "-no-remote" "-profile" "C:\\Users\\manue\\AppData\\Local\\Temp\\rust_mozprofilefatdVb"
Can't find symbol 'eglSwapBuffersWithDamageEXT'.
Can't find symbol 'eglSetDamageRegionKHR'.
JavaScript error: resource://gre/modules/XULStore.jsm, line 66: Error: Can't find profile directory.
console.warn: SearchSettings: "get: No settings file exists, new profile?" (new Error("", "(unknown module)"))
1606391850206	Marionette	INFO	Listening on port 50512
1606391850261	Marionette	WARN	TLS certificate errors will be ignored for this session
1606391883309	Marionette	INFO	Stopped listening on port 50512

###!!! [Child][RunMessage] Error: Channel closing: too late to send/recv, messages will be lost


###!!! [Child][MessageChannel::SendAndWait] Error: Channel error: cannot send/recv

1606421398288	geckodriver	INFO	Listening on 127.0.0.1:54743
1606421401344	mozrunner::runner	INFO	Running command: "C:\\Program Files\\Mozilla Firefox\\firefox.exe" "--marionette" "-foreground" "-no-remote" "-profile" "C:\\Users\\manue\\AppData\\Local\\Temp\\rust_mozprofile9esduc"
Can't find symbol 'eglSwapBuffersWithDamageEXT'.
Can't find symbol 'eglSetDamageRegionKHR'.
JavaScript error: resource://gre/modules/XULStore.jsm, line 66: Error: Can't find profile directory.
console.warn: SearchSettings: "get: No settings file exists, new profile?" (new Error("", "(unknown module)"))
1606421404348	Marionette	INFO	Listening on port 54753
1606421404548	Marionette	WARN	TLS certificate errors will be ignored for this session
1606421600839	Marionette	INFO	Stopped listening on port 54753

###!!! [Child][RunMessage] Error: Channel closing: too late to send/recv, messages will be lost


###!!! [Child][MessageChannel::SendAndWait] Error: Channel error: cannot send/recv

Temp\\rust_mozprofile66swom"
Can't find symbol 'eglSwapBuffersWithDamageEXT'.
Can't find symbol 'eglSetDamageRegionKHR'.
JavaScript error: resource://gre/modules/XULStore.jsm, line 66: Error: Can't find profile directory.
console.warn: SearchSettings: "get: No settings file exists, new profile?" (new Error("", "(unknown module)"))
1606421476559	Marionette	INFO	Listening on port 54894
1606421476851	Marionette	WARN	TLS certificate errors will be ignored for this session
1606421601610	Marionette	INFO	Stopped listening on port 54894

###!!! [Child][RunMessage] Error: Channel closing: too late to send/recv, messages will be lost


###!!! [Child][MessageChannel::SendAndWait] Error: Channel error: cannot send/recv

Temp\\rust_mozprofilefQcBc8"
Can't find symbol 'eglSwapBuffersWithDamageEXT'.
Can't find symbol 'eglSetDamageRegionKHR'.
JavaScript error: resource://gre/modules/XULStore.jsm, line 66: Error: Can't find profile directory.
console.warn: SearchSettings: "get: No settings file exists, new profile?" (new Error("", "(unknown module)"))
1606421559392	Marionette	INFO	Listening on port 55099
1606421559730	Marionette	WARN	TLS certificate errors will be ignored for this session
1606421602565	Marionette	INFO	Stopped listening on port 55091606421603855	mozrunner::runner	INFO	Running command: "C:\\Program Files\\Mozilla Firefox\\firefox.exe" "--marionette" "-foreground" "-no-remote" "-profile" "C:\\Users\\manue\\AppData\\Local\\Temp\\rust_mozprofilejTgt8Q"
Can't find symbol 'eglSwapBuffersWithDamageEXT'.
Can't find symbol 'eglSetDamageRegionKHR'.
JavaScript error: resource://gre/modules/XULStore.jsm, line 66: Error: Can't find profile directory.
console.warn: SearchSettings: "get: No settings file exists, new profile?" (new Error("", "(unknown module)"))
1606421606320	Marionette	INFO	Listening on port 55238
1606421606540	Marionette	WARN	TLS certificate errors will be ignored for this session
1606421718327	Marionette	INFO	Stopped listening on port 55238

###!!! [Child][RunMessage] Error: Channel closing: too late to send/recv, messages will be lost


###!!! [Child][MessageChannel::SendAndWait] Error: Channel error: cannot send/recv

Temp\\rust_mozprofileDX5gkY"
Can't find symbol 'eglSwapBuffersWithDamageEXT'.
Can't find symbol 'eglSetDamageRegionKHR'.
JavaScript error: resource://gre/modules/XULStore.jsm, line 66: Error: Can't find profile directory.
console.warn: SearchSettings: "get: No settings file exists, new profile?" (new Error("", "(unknown module)"))
1606421628374	Marionette	INFO	Listening on port 55367
1606421628435	Marionette	WARN	TLS certificate errors will be ignored for this session
1606421717418	Marionette	INFO	Stopped listening on port 55367

###!!! [Child][RunMessage] Error: Channel closing: too late to send/recv, messages will be lost


###!!! [Child][MessageChannel::SendAndWait] Error: Channel error: cannot send/recv

Temp\\rust_mozprofile83jmW4"
Can't find symbol 'eglSwapBuffersWithDamageEXT'.
Can't find symbol 'eglSetDamageRegionKHR'.
JavaScript error: resource://gre/modules/XULStore.jsm, line 66: Error: Can't find profile directory.
console.warn: SearchSettings: "get: No settings file exists, new profile?" (new Error("", "(unknown module)"))
1606421649379	Marionette	INFO	Listening on port 55491
1606421649987	Marionette	WARN	TLS certificate errors will be ignored for this session
1606421716551	Marionette	INFO	Stopped listening on port 55491

###!!! [Child][RunMessage] Error: Channel closing: too late to send/recv, messages will be lost


###!!! [Child][MessageChannel::SendAndWait] Error: Channel error: cannot send/recv

Temp\\rust_mozprofileLCGo1E"
Can't find symbol 'eglSwapBuffersWithDamageEXT'.
Can't find symbol 'eglSetDamageRegionKHR'.
JavaScript error: resource://gre/modules/XULStore.jsm, line 66: Error: Can't find profile directory.
console.warn: SearchSettings: "get: No settings file exists, new profile?" (new Error("", "(unknown module)"))
1606421698650	Marionette	INFO	Listening on port 55596
1606421698868	Marionette	WARN	TLS certificate errors will be ignored for this session
1606422218711	Marionette	INFO	Stopped listening on port 55596

###!!! [Child][RunMessage] Error: Channel closing: too late to send/recv, messages will be lost


###!!! [Child][MessageChannel::SendAndWait] Error: Channel error: cannot send/recv

Temp\\rust_mozprofilejLolWw"
Can't find symbol 'eglSwapBuffersWithDamageEXT'.
Can't find symbol 'eglSetDamageRegionKHR'.
JavaScript error: resource://gre/modules/XULStore.jsm, line 66: Error: Can't find profile directory.
console.warn: SearchSettings: "get: No settings file exists, new profile?" (new Error("", "(unknown module)"))
1606421720829	Marionette	INFO	Listening on port 55725
1606421721254	Marionette	WARN	TLS certificate errors will be ignored for this session

###!!! [Child][RunMessage] Error: Channel closing: too late to send/recv, messages will be lost

1606422219690	Marionette	INFO	Stopped listening on port 55725

###!!! [Child][RunMessage] Error: Channel closing: too late to send/recv, messages will be lost


###!!! [Child][MessageChannel::SendAndWait] Error: Channel error: cannot send/recv

SetDamageRegionKHR'.
JavaScript error: resource://gre/modules/XULStore.jsm, line 66: Error: Can't find profile directory.
console.warn: SearchSettings: "get: No settings file exists, new profile?" (new Error("", "(unknown module)"))
1606421831713	Marionette	INFO	Listening on port 55903
1606421832133	Marionette	WARN	TLS certificate errors will be ignored for this session
1606422216441	Marionette	INFO	Stopped listening on port 55903

###!!! [Child][RunMessage] Error: Channel closing: too late to send/recv, messages will be lost


###!!! [Child][MessageChannel::SendAndWait] Error: Channel error: cannot send/recv

Temp\\rust_mozprofilezYjx8h"
Can't find symbol 'eglSwapBuffersWithDamageEXT'.
Can't find symbol 'eglSetDamageRegionKHR'.
JavaScript error: resource://gre/modules/XULStore.jsm, line 66: Error: Can't find profile directory.
console.warn: SearchSettings: "get: No settings file exists, new profile?" (new Error("", "(unknown module)"))
1606422161084	Marionette	INFO	Listening on port 56183
1606422161279	Marionette	WARN	TLS certificate errors will be ignored for this session
1606422223869	Marionette	INFO	Stopped listening on port 56183

###!!! [Child][RunMessage] Error: Channel closing: too late to send/recv, messages will be lost


###!!! [Child][MessageChannel::SendAndWait] Error: Channel error: cannot send/recv

1606422241063	geckodriver	INFO	Listening on 127.0.0.1:56379
1606422244127	mozrunner::runner	INFO	Running command: "C:\\Program Files\\Mozilla Firefox\\firefox.exe" "--marionette" "-foreground" "-no-remote" "-profile" "C:\\Users\\manue\\AppData\\Local\\Temp\\rust_mozprofileLnniW7"
Can't find symbol 'eglSwapBuffersWithDamageEXT'.
Can't find symbol 'eglSetDamageRegionKHR'.
JavaScript error: resource://gre/modules/XULStore.jsm, line 66: Error: Can't find profile directory.
console.warn: SearchSettings: "get: No settings file exists, new profile?" (new Error("", "(unknown module)"))
1606422246392	Marionette	INFO	Listening on port 56389
1606422246784	Marionette	WARN	TLS certificate errors will be ignored for this session
1606422262059	Marionette	INFO	Stopped listening on port 56389

###!!! [Child][RunMessage] Error: Channel closing: too late to send/recv, messages will be lost


###!!! [Child][MessageChannel::SendAndWait] Error: Channel error: cannot send/recv

1606422274330	geckodriver	INFO	Listening on 127.0.0.1:56481
1606422277378	mozrunner::runner	INFO	Running command: "C:\\Program Files\\Mozilla Firefox\\firefox.exe" "--marionette" "-foreground" "-no-remote" "-profile" "C:\\Users\\manue\\AppData\\Local\\Temp\\rust_mozprofilekvQNxN"
Can't find symbol 'eglSwapBuffersWithDamageEXT'.
Can't find symbol 'eglSetDamageRegionKHR'.
JavaScript error: resource://gre/modules/XULStore.jsm, line 66: Error: Can't find profile directory.
console.warn: SearchSettings: "get: No settings file exists, new profile?" (new Error("", "(unknown module)"))
1606422279696	Marionette	INFO	Listening on port 56491
1606422280067	Marionette	WARN	TLS certificate errors will be ignored for this session
1606422401153	geckodriver	INFO	Listening on 127.0.0.1:56666
1606422404232	mozrunner::runner	INFO	Running command: "C:\\Program Files\\Mozilla Firefox\\firefox.exe" "--marionette" "-foreground" "-no-remote" "-profile" "C:\\Users\\manue\\AppData\\Local\\Temp\\rust_mozprofile9yzAeS"
Can't find symbol 'eglSwapBuffersWithDamageEXT'.
Can't find symbol 'eglSetDamageRegionKHR'.
JavaScript error: resource://gre/modules/XULStore.jsm, line 66: Error: Can't find profile directory.
console.warn: SearchSettings: "get: No settings file exists, new profile?" (new Error("", "(unknown module)"))
1606422406146	Marionette	INFO	Listening on port 56676
1606422407206	Marionette	WARN	TLS certificate errors will be ignored for this session
1606422446339	geckodriver	INFO	Listening on 127.0.0.1:56808
1606422449429	mozrunner::runner	INFO	Running command: "C:\\Program Files\\Mozilla Firefox\\firefox.exe" "--marionette" "-foreground" "-no-remote" "-profile" "C:\\Users\\manue\\AppData\\Local\\Temp\\rust_mozprofile4bLi3f"
Can't find symbol 'eglSwapBuffersWithDamageEXT'.
Can't find symbol 'eglSetDamageRegionKHR'.
JavaScript error: resource://gre/modules/XULStore.jsm, line 66: Error: Can't find profile directory.
console.warn: SearchSettings: "get: No settings file exists, new profile?" (new Error("", "(unknown module)"))
1606422452870	Marionette	INFO	Listening on port 56817
1606422453125	Marionette	WARN	TLS certificate errors will be ignored for this session
1606423083932	geckodriver	INFO	Listening on 127.0.0.1:57216
1606423086973	mozrunner::runner	INFO	Running command: "C:\\Program Files\\Mozilla Firefox\\firefox.exe" "--marionette" "-foreground" "-no-remote" "-profile" "C:\\Users\\manue\\AppData\\Local\\Temp\\rust_mozprofile24hT6Z"
Can't find symbol 'eglSwapBuffersWithDamageEXT'.
Can't find symbol 'eglSetDamageRegionKHR'.
JavaScript error: resource://gre/modules/XULStore.jsm, line 66: Error: Can't find profile directory.
console.warn: SearchSettings: "get: No settings file exists, new profile?" (new Error("", "(unknown module)"))
1606423089347	Marionette	INFO	Listening on port 57230
1606423089640	Marionette	WARN	TLS certificate errors will be ignored for this session
1606423111357	geckodriver	INFO	Listening on 127.0.0.1:57355
1606423114428	mozrunner::runner	INFO	Running command: "C:\\Program Files\\Mozilla Firefox\\firefox.exe" "--marionette" "-foreground" "-no-remote" "-profile" "C:\\Users\\manue\\AppData\\Local\\Temp\\rust_mozprofiler91inF"
Can't find symbol 'eglSwapBuffersWithDamageEXT'.
Can't find symbol 'eglSetDamageRegionKHR'.
JavaScript error: resource://gre/modules/XULStore.jsm, line 66: Error: Can't find profile directory.
console.warn: SearchSettings: "get: No settings file exists, new profile?" (new Error("", "(unknown module)"))
1606423116698	Marionette	INFO	Listening on port 57367
1606423117098	Marionette	WARN	TLS certificate errors will be ignored for this session
1606423136410	geckodriver	INFO	Listening on 127.0.0.1:57489
1606423139457	mozrunner::runner	INFO	Running command: "C:\\Program Files\\Mozilla Firefox\\firefox.exe" "--marionette" "-foreground" "-no-remote" "-profile" "C:\\Users\\manue\\AppData\\Local\\Temp\\rust_mozprofileXegXvl"
Can't find symbol 'eglSwapBuffersWithDamageEXT'.
Can't find symbol 'eglSetDamageRegionKHR'.
JavaScript error: resource://gre/modules/XULStore.jsm, line 66: Error: Can't find profile directory.
console.warn: SearchSettings: "get: No settings file exists, new profile?" (new Error("", "(unknown module)"))
1606423141880	Marionette	INFO	Listening on port 57499
1606423142133	Marionette	WARN	TLS certificate errors will be ignored for this session
